plot"-" using 2:3 t "br" w l,"-" using 2:3 t "ir" w l,"-" using 2:3 t "sr" w l,"-" using 2:3 t "mr" w l,"-" using 2:3 t "qr" w l,"-" using 2:3 t "Mr" w l,"-" using 2:3 t "Rr" w l
br 1 0.06895005935803056 
br 2 0.12499996228143573 
br 4 0.235399988014251 
br 8 0.46579999616369605 
br 16 0.9451500372961164 
br 32 1.9305500318296254 
br 64 4.199800023343414 
br 128 9.86825005384162 
br 256 25.090100010856986 
br 512 75.48960001440719 
br 1024 244.00355003308505 
br 2048 868.5580000746995 
br 4096 3535.486500011757 
br 8192 12379.067700006999 
e
ir 1 0.05849997978657484 
ir 2 0.11485000140964985 
ir 4 0.2255499712191522 
ir 8 0.45344996033236384 
ir 16 0.9262999519705772 
ir 32 1.8995499704033136 
ir 64 4.069400019943714 
ir 128 9.430149977561086 
ir 256 23.78270000917837 
ir 512 66.5443500620313 
ir 1024 207.39739999407902 
ir 2048 715.3880999539979 
ir 4096 2834.189399960451 
ir 8192 9874.59919997491 
e
sr 1 0.057999975979328156 
sr 2 0.11495000217109919 
sr 4 0.22625003475695848 
sr 8 0.4555999767035246 
sr 16 0.929199974052608 
sr 32 1.8870499916374683 
sr 64 3.975450003053993 
sr 128 8.65249999333173 
sr 256 20.208400092087686 
sr 512 53.73360007070005 
sr 1024 154.5510499854572 
sr 2048 483.1325499690138 
sr 4096 2072.44484993862 
sr 8192 6159.991149965208 
e
mr 1 0.06044999463483691 
mr 2 0.12350000906735659 
mr 4 0.23740000324323773 
mr 8 0.47874997835606337 
mr 16 0.9908999782055616 
mr 32 1.9182499963790178 
mr 64 3.930150007363409 
mr 128 8.00639996305108 
mr 256 16.184750013053417 
mr 512 35.18035000888631 
mr 1024 70.9297499852255 
mr 2048 139.9346999824047 
mr 4096 293.2061999454163 
mr 8192 560.6666499515995 
e
qr 1 0.05814997712150216 
qr 2 0.11615001130849123 
qr 4 0.23820000933483243 
qr 8 0.4613000201061368 
qr 16 0.9519499726593494 
qr 32 1.857950002886355 
qr 64 3.763800021260977 
qr 128 7.59759999345988 
qr 256 15.331749978940934 
qr 512 33.418849983718246 
qr 1024 67.24519998533651 
qr 2048 132.5605500023812 
qr 4096 280.65064997645095 
qr 8192 522.6699500344694 
e
Mr 1 0.06024999311193824 
Mr 2 0.11725001968443394 
Mr 4 0.22790004732087255 
Mr 8 0.4609500174410641 
Mr 16 0.9401499992236495 
Mr 32 1.8728499999269843 
Mr 64 3.7319500115700066 
Mr 128 7.57925002835691 
Mr 256 15.325899992603809 
Mr 512 33.432350028306246 
Mr 1024 66.20484997984022 
Mr 2048 134.94590000482276 
Mr 4096 278.4496499807574 
Mr 8192 554.2487000348046 
e
Rr 1 0.05814997712150216 
Rr 2 6.589299999177456 
Rr 4 6.894999998621643 
Rr 8 6.701549980789423 
Rr 16 7.916350034065545 
Rr 32 8.484799996949732 
Rr 64 10.536399960983545 
Rr 128 14.144850021693856 
Rr 256 22.19985000556335 
Rr 512 40.6819999916479 
Rr 1024 75.78345009824261 
Rr 2048 144.84769996488467 
Rr 4096 285.0303000304848 
Rr 8192 543.7875500065275 
e
